<?xml version="1.0" encoding="UTF-8"?>
<!-- Generated by org.testng.reporters.JUnitXMLReporter -->
<testsuite hostname="DESKTOP-E9AFF41" ignored="0" name="RegistrationPageRegressionTests2" tests="4" failures="0" timestamp="26 Oct 2019 10:36:32 GMT" time="0.185" errors="0">
  <testcase name="enterFirstNameAndLastNameTest" time="0.047" classname="tests.RegistrationTests"/>
  <testcase name="selectMaritalStatusTest" time="0.0" classname="tests.RegistrationTests"/>
  <testcase name="selectAHobbyTest" time="0.0" classname="tests.RegistrationTests"/>
  <testcase name="selectCountryTest" time="0.0" classname="tests.RegistrationTests"/>
</testsuite> <!-- RegistrationPageRegressionTests2 -->
