<?xml version="1.0" encoding="UTF-8"?>
<!-- Generated by org.testng.reporters.JUnitXMLReporter -->
<testsuite hostname="DESKTOP-GEO1BRR" ignored="0" name="RegistrationPageRegressionTests4" tests="4" failures="0" timestamp="31 Jan 2019 17:47:08 GMT" time="0.104" errors="0">
  <testcase name="enterFirstNameAndLastNameTest" time="0.024" classname="tests.RegistrationTests"/>
  <testcase name="selectMaritalStatusTest" time="0.008" classname="tests.RegistrationTests"/>
  <testcase name="selectAHobbyTest" time="0.012" classname="tests.RegistrationTests"/>
  <testcase name="selectCountryTest" time="0.0" classname="tests.RegistrationTests"/>
</testsuite> <!-- RegistrationPageRegressionTests4 -->
