<?xml version="1.0" encoding="UTF-8"?>
<testng-results skipped="0" failed="0" ignored="0" total="16" passed="16">
  <reporter-output>
  </reporter-output>
  <suite name="RegressionSuite" duration-ms="185" started-at="2019-10-26T10:36:32Z" finished-at="2019-10-26T10:36:32Z">
    <groups>
      <group name="abc">
        <method signature="RegistrationTests.enterFirstNameAndLastNameTest()[pri:0, instance:tests.RegistrationTests@4b9e13df]" name="enterFirstNameAndLastNameTest" class="tests.RegistrationTests"/>
        <method signature="RegistrationTests.enterFirstNameAndLastNameTest()[pri:0, instance:tests.RegistrationTests@6d4b1c02]" name="enterFirstNameAndLastNameTest" class="tests.RegistrationTests"/>
        <method signature="RegistrationTests.enterFirstNameAndLastNameTest()[pri:0, instance:tests.RegistrationTests@42e26948]" name="enterFirstNameAndLastNameTest" class="tests.RegistrationTests"/>
        <method signature="RegistrationTests.enterFirstNameAndLastNameTest()[pri:0, instance:tests.RegistrationTests@4667ae56]" name="enterFirstNameAndLastNameTest" class="tests.RegistrationTests"/>
      </group> <!-- abc -->
    </groups>
    <test name="RegistrationPageRegressionTests" duration-ms="185" started-at="2019-10-26T10:36:32Z" finished-at="2019-10-26T10:36:32Z">
      <class name="tests.RegistrationTests">
        <test-method status="PASS" signature="beforeTest(org.testng.xml.XmlTest)[pri:0, instance:tests.RegistrationTests@4b9e13df]" name="beforeTest" is-config="true" duration-ms="31" started-at="2019-10-26T10:36:32Z" finished-at="2019-10-26T10:36:32Z">
          <params>
            <param index="0">
              <value>
                <![CDATA[org.testng.xml.XmlTest@2a362735]]>
              </value>
            </param>
          </params>
          <reporter-output>
          </reporter-output>
        </test-method> <!-- beforeTest -->
        <test-method status="PASS" signature="beforeMethod(java.lang.reflect.Method)[pri:0, instance:tests.RegistrationTests@4b9e13df]" name="beforeMethod" is-config="true" duration-ms="0" started-at="2019-10-26T10:36:32Z" finished-at="2019-10-26T10:36:32Z">
          <params>
            <param index="0">
              <value>
                <![CDATA[public void tests.RegistrationTests.enterFirstNameAndLastNameTest()]]>
              </value>
            </param>
          </params>
          <reporter-output>
          </reporter-output>
        </test-method> <!-- beforeMethod -->
        <test-method status="PASS" signature="enterFirstNameAndLastNameTest()[pri:0, instance:tests.RegistrationTests@4b9e13df]" name="enterFirstNameAndLastNameTest" duration-ms="47" started-at="2019-10-26T10:36:32Z" description="This test case is to verify that the firstname and lastname is entered." finished-at="2019-10-26T10:36:32Z">
          <reporter-output>
          </reporter-output>
        </test-method> <!-- enterFirstNameAndLastNameTest -->
        <test-method status="PASS" signature="selectMaritalStatusTest()[pri:0, instance:tests.RegistrationTests@4b9e13df]" name="selectMaritalStatusTest" duration-ms="0" started-at="2019-10-26T10:36:32Z" description="This test case verifies whether the radio button single is selected." finished-at="2019-10-26T10:36:32Z">
          <reporter-output>
          </reporter-output>
        </test-method> <!-- selectMaritalStatusTest -->
        <test-method status="PASS" signature="afterMethod(org.testng.ITestResult)[pri:0, instance:tests.RegistrationTests@4b9e13df]" name="afterMethod" is-config="true" duration-ms="0" started-at="2019-10-26T10:36:32Z" finished-at="2019-10-26T10:36:32Z">
          <params>
            <param index="0">
              <value>
                <![CDATA[[TestResult name=enterFirstNameAndLastNameTest status=SUCCESS method=RegistrationTests.enterFirstNameAndLastNameTest()[pri:0, instance:tests.RegistrationTests@4b9e13df] output={null}]]]>
              </value>
            </param>
          </params>
          <reporter-output>
          </reporter-output>
        </test-method> <!-- afterMethod -->
        <test-method status="PASS" signature="beforeMethod(java.lang.reflect.Method)[pri:0, instance:tests.RegistrationTests@4b9e13df]" name="beforeMethod" is-config="true" duration-ms="0" started-at="2019-10-26T10:36:32Z" finished-at="2019-10-26T10:36:32Z">
          <params>
            <param index="0">
              <value>
                <![CDATA[public void tests.RegistrationTests.selectMaritalStatusTest()]]>
              </value>
            </param>
          </params>
          <reporter-output>
          </reporter-output>
        </test-method> <!-- beforeMethod -->
        <test-method status="PASS" signature="afterMethod(org.testng.ITestResult)[pri:0, instance:tests.RegistrationTests@4b9e13df]" name="afterMethod" is-config="true" duration-ms="0" started-at="2019-10-26T10:36:32Z" finished-at="2019-10-26T10:36:32Z">
          <params>
            <param index="0">
              <value>
                <![CDATA[[TestResult name=selectMaritalStatusTest status=SUCCESS method=RegistrationTests.selectMaritalStatusTest()[pri:0, instance:tests.RegistrationTests@4b9e13df] output={null}]]]>
              </value>
            </param>
          </params>
          <reporter-output>
          </reporter-output>
        </test-method> <!-- afterMethod -->
        <test-method status="PASS" signature="selectAHobbyTest()[pri:0, instance:tests.RegistrationTests@4b9e13df]" name="selectAHobbyTest" duration-ms="15" started-at="2019-10-26T10:36:32Z" description="This test case verifies whether the reading check box is selected." finished-at="2019-10-26T10:36:32Z">
          <reporter-output>
          </reporter-output>
        </test-method> <!-- selectAHobbyTest -->
        <test-method status="PASS" signature="beforeMethod(java.lang.reflect.Method)[pri:0, instance:tests.RegistrationTests@4b9e13df]" name="beforeMethod" is-config="true" duration-ms="0" started-at="2019-10-26T10:36:32Z" finished-at="2019-10-26T10:36:32Z">
          <params>
            <param index="0">
              <value>
                <![CDATA[public void tests.RegistrationTests.selectAHobbyTest()]]>
              </value>
            </param>
          </params>
          <reporter-output>
          </reporter-output>
        </test-method> <!-- beforeMethod -->
        <test-method status="PASS" signature="afterMethod(org.testng.ITestResult)[pri:0, instance:tests.RegistrationTests@4b9e13df]" name="afterMethod" is-config="true" duration-ms="7" started-at="2019-10-26T10:36:32Z" finished-at="2019-10-26T10:36:32Z">
          <params>
            <param index="0">
              <value>
                <![CDATA[[TestResult name=selectAHobbyTest status=SUCCESS method=RegistrationTests.selectAHobbyTest()[pri:0, instance:tests.RegistrationTests@4b9e13df] output={null}]]]>
              </value>
            </param>
          </params>
          <reporter-output>
          </reporter-output>
        </test-method> <!-- afterMethod -->
        <test-method status="PASS" signature="selectCountryTest()[pri:0, instance:tests.RegistrationTests@4b9e13df]" name="selectCountryTest" duration-ms="0" started-at="2019-10-26T10:36:32Z" description="This test case verifies whether the country is selected." finished-at="2019-10-26T10:36:32Z">
          <reporter-output>
          </reporter-output>
        </test-method> <!-- selectCountryTest -->
        <test-method status="PASS" signature="beforeMethod(java.lang.reflect.Method)[pri:0, instance:tests.RegistrationTests@4b9e13df]" name="beforeMethod" is-config="true" duration-ms="0" started-at="2019-10-26T10:36:32Z" finished-at="2019-10-26T10:36:32Z">
          <params>
            <param index="0">
              <value>
                <![CDATA[public void tests.RegistrationTests.selectCountryTest()]]>
              </value>
            </param>
          </params>
          <reporter-output>
          </reporter-output>
        </test-method> <!-- beforeMethod -->
        <test-method status="PASS" signature="afterMethod(org.testng.ITestResult)[pri:0, instance:tests.RegistrationTests@4b9e13df]" name="afterMethod" is-config="true" duration-ms="0" started-at="2019-10-26T10:36:32Z" finished-at="2019-10-26T10:36:32Z">
          <params>
            <param index="0">
              <value>
                <![CDATA[[TestResult name=selectCountryTest status=SUCCESS method=RegistrationTests.selectCountryTest()[pri:0, instance:tests.RegistrationTests@4b9e13df] output={null}]]]>
              </value>
            </param>
          </params>
          <reporter-output>
          </reporter-output>
        </test-method> <!-- afterMethod -->
      </class> <!-- tests.RegistrationTests -->
    </test> <!-- RegistrationPageRegressionTests -->
    <test name="RegistrationPageRegressionTests4" duration-ms="185" started-at="2019-10-26T10:36:32Z" finished-at="2019-10-26T10:36:32Z">
      <class name="tests.RegistrationTests">
        <test-method status="PASS" signature="initialSetUp(org.testng.ITestContext)[pri:0, instance:tests.RegistrationTests@4667ae56]" name="initialSetUp" is-config="true" duration-ms="686" started-at="2019-10-26T10:36:31Z" finished-at="2019-10-26T10:36:32Z">
          <params>
            <param index="0">
              <value>
                <![CDATA[org.testng.TestRunner@4c583ecf]]>
              </value>
            </param>
          </params>
          <reporter-output>
          </reporter-output>
        </test-method> <!-- initialSetUp -->
        <test-method status="PASS" signature="beforeTest(org.testng.xml.XmlTest)[pri:0, instance:tests.RegistrationTests@4667ae56]" name="beforeTest" is-config="true" duration-ms="15" started-at="2019-10-26T10:36:32Z" finished-at="2019-10-26T10:36:32Z">
          <params>
            <param index="0">
              <value>
                <![CDATA[org.testng.xml.XmlTest@ada088f1]]>
              </value>
            </param>
          </params>
          <reporter-output>
          </reporter-output>
        </test-method> <!-- beforeTest -->
        <test-method status="PASS" signature="beforeMethod(java.lang.reflect.Method)[pri:0, instance:tests.RegistrationTests@4667ae56]" name="beforeMethod" is-config="true" duration-ms="0" started-at="2019-10-26T10:36:32Z" finished-at="2019-10-26T10:36:32Z">
          <params>
            <param index="0">
              <value>
                <![CDATA[public void tests.RegistrationTests.enterFirstNameAndLastNameTest()]]>
              </value>
            </param>
          </params>
          <reporter-output>
          </reporter-output>
        </test-method> <!-- beforeMethod -->
        <test-method status="PASS" signature="enterFirstNameAndLastNameTest()[pri:0, instance:tests.RegistrationTests@4667ae56]" name="enterFirstNameAndLastNameTest" duration-ms="47" started-at="2019-10-26T10:36:32Z" description="This test case is to verify that the firstname and lastname is entered." finished-at="2019-10-26T10:36:32Z">
          <reporter-output>
          </reporter-output>
        </test-method> <!-- enterFirstNameAndLastNameTest -->
        <test-method status="PASS" signature="afterMethod(org.testng.ITestResult)[pri:0, instance:tests.RegistrationTests@4667ae56]" name="afterMethod" is-config="true" duration-ms="0" started-at="2019-10-26T10:36:32Z" finished-at="2019-10-26T10:36:32Z">
          <params>
            <param index="0">
              <value>
                <![CDATA[[TestResult name=enterFirstNameAndLastNameTest status=SUCCESS method=RegistrationTests.enterFirstNameAndLastNameTest()[pri:0, instance:tests.RegistrationTests@4667ae56] output={null}]]]>
              </value>
            </param>
          </params>
          <reporter-output>
          </reporter-output>
        </test-method> <!-- afterMethod -->
        <test-method status="PASS" signature="selectMaritalStatusTest()[pri:0, instance:tests.RegistrationTests@4667ae56]" name="selectMaritalStatusTest" duration-ms="0" started-at="2019-10-26T10:36:32Z" description="This test case verifies whether the radio button single is selected." finished-at="2019-10-26T10:36:32Z">
          <reporter-output>
          </reporter-output>
        </test-method> <!-- selectMaritalStatusTest -->
        <test-method status="PASS" signature="beforeMethod(java.lang.reflect.Method)[pri:0, instance:tests.RegistrationTests@4667ae56]" name="beforeMethod" is-config="true" duration-ms="0" started-at="2019-10-26T10:36:32Z" finished-at="2019-10-26T10:36:32Z">
          <params>
            <param index="0">
              <value>
                <![CDATA[public void tests.RegistrationTests.selectMaritalStatusTest()]]>
              </value>
            </param>
          </params>
          <reporter-output>
          </reporter-output>
        </test-method> <!-- beforeMethod -->
        <test-method status="PASS" signature="afterMethod(org.testng.ITestResult)[pri:0, instance:tests.RegistrationTests@4667ae56]" name="afterMethod" is-config="true" duration-ms="0" started-at="2019-10-26T10:36:32Z" finished-at="2019-10-26T10:36:32Z">
          <params>
            <param index="0">
              <value>
                <![CDATA[[TestResult name=selectMaritalStatusTest status=SUCCESS method=RegistrationTests.selectMaritalStatusTest()[pri:0, instance:tests.RegistrationTests@4667ae56] output={null}]]]>
              </value>
            </param>
          </params>
          <reporter-output>
          </reporter-output>
        </test-method> <!-- afterMethod -->
        <test-method status="PASS" signature="selectAHobbyTest()[pri:0, instance:tests.RegistrationTests@4667ae56]" name="selectAHobbyTest" duration-ms="0" started-at="2019-10-26T10:36:32Z" description="This test case verifies whether the reading check box is selected." finished-at="2019-10-26T10:36:32Z">
          <reporter-output>
          </reporter-output>
        </test-method> <!-- selectAHobbyTest -->
        <test-method status="PASS" signature="beforeMethod(java.lang.reflect.Method)[pri:0, instance:tests.RegistrationTests@4667ae56]" name="beforeMethod" is-config="true" duration-ms="0" started-at="2019-10-26T10:36:32Z" finished-at="2019-10-26T10:36:32Z">
          <params>
            <param index="0">
              <value>
                <![CDATA[public void tests.RegistrationTests.selectAHobbyTest()]]>
              </value>
            </param>
          </params>
          <reporter-output>
          </reporter-output>
        </test-method> <!-- beforeMethod -->
        <test-method status="PASS" signature="afterMethod(org.testng.ITestResult)[pri:0, instance:tests.RegistrationTests@4667ae56]" name="afterMethod" is-config="true" duration-ms="0" started-at="2019-10-26T10:36:32Z" finished-at="2019-10-26T10:36:32Z">
          <params>
            <param index="0">
              <value>
                <![CDATA[[TestResult name=selectAHobbyTest status=SUCCESS method=RegistrationTests.selectAHobbyTest()[pri:0, instance:tests.RegistrationTests@4667ae56] output={null}]]]>
              </value>
            </param>
          </params>
          <reporter-output>
          </reporter-output>
        </test-method> <!-- afterMethod -->
        <test-method status="PASS" signature="selectCountryTest()[pri:0, instance:tests.RegistrationTests@4667ae56]" name="selectCountryTest" duration-ms="0" started-at="2019-10-26T10:36:32Z" description="This test case verifies whether the country is selected." finished-at="2019-10-26T10:36:32Z">
          <reporter-output>
          </reporter-output>
        </test-method> <!-- selectCountryTest -->
        <test-method status="PASS" signature="beforeMethod(java.lang.reflect.Method)[pri:0, instance:tests.RegistrationTests@4667ae56]" name="beforeMethod" is-config="true" duration-ms="0" started-at="2019-10-26T10:36:32Z" finished-at="2019-10-26T10:36:32Z">
          <params>
            <param index="0">
              <value>
                <![CDATA[public void tests.RegistrationTests.selectCountryTest()]]>
              </value>
            </param>
          </params>
          <reporter-output>
          </reporter-output>
        </test-method> <!-- beforeMethod -->
        <test-method status="PASS" signature="afterMethod(org.testng.ITestResult)[pri:0, instance:tests.RegistrationTests@4667ae56]" name="afterMethod" is-config="true" duration-ms="0" started-at="2019-10-26T10:36:32Z" finished-at="2019-10-26T10:36:32Z">
          <params>
            <param index="0">
              <value>
                <![CDATA[[TestResult name=selectCountryTest status=SUCCESS method=RegistrationTests.selectCountryTest()[pri:0, instance:tests.RegistrationTests@4667ae56] output={null}]]]>
              </value>
            </param>
          </params>
          <reporter-output>
          </reporter-output>
        </test-method> <!-- afterMethod -->
        <test-method status="PASS" signature="quitBrowser()[pri:0, instance:tests.RegistrationTests@4667ae56]" name="quitBrowser" is-config="true" duration-ms="794" started-at="2019-10-26T10:36:33Z" finished-at="2019-10-26T10:36:33Z">
          <reporter-output>
          </reporter-output>
        </test-method> <!-- quitBrowser -->
      </class> <!-- tests.RegistrationTests -->
    </test> <!-- RegistrationPageRegressionTests4 -->
    <test name="RegistrationPageRegressionTests2" duration-ms="185" started-at="2019-10-26T10:36:32Z" finished-at="2019-10-26T10:36:32Z">
      <class name="tests.RegistrationTests">
        <test-method status="PASS" signature="beforeTest(org.testng.xml.XmlTest)[pri:0, instance:tests.RegistrationTests@6d4b1c02]" name="beforeTest" is-config="true" duration-ms="15" started-at="2019-10-26T10:36:32Z" finished-at="2019-10-26T10:36:32Z">
          <params>
            <param index="0">
              <value>
                <![CDATA[org.testng.xml.XmlTest@c50da6b3]]>
              </value>
            </param>
          </params>
          <reporter-output>
          </reporter-output>
        </test-method> <!-- beforeTest -->
        <test-method status="PASS" signature="enterFirstNameAndLastNameTest()[pri:0, instance:tests.RegistrationTests@6d4b1c02]" name="enterFirstNameAndLastNameTest" duration-ms="47" started-at="2019-10-26T10:36:32Z" description="This test case is to verify that the firstname and lastname is entered." finished-at="2019-10-26T10:36:32Z">
          <reporter-output>
          </reporter-output>
        </test-method> <!-- enterFirstNameAndLastNameTest -->
        <test-method status="PASS" signature="beforeMethod(java.lang.reflect.Method)[pri:0, instance:tests.RegistrationTests@6d4b1c02]" name="beforeMethod" is-config="true" duration-ms="0" started-at="2019-10-26T10:36:32Z" finished-at="2019-10-26T10:36:32Z">
          <params>
            <param index="0">
              <value>
                <![CDATA[public void tests.RegistrationTests.enterFirstNameAndLastNameTest()]]>
              </value>
            </param>
          </params>
          <reporter-output>
          </reporter-output>
        </test-method> <!-- beforeMethod -->
        <test-method status="PASS" signature="afterMethod(org.testng.ITestResult)[pri:0, instance:tests.RegistrationTests@6d4b1c02]" name="afterMethod" is-config="true" duration-ms="16" started-at="2019-10-26T10:36:32Z" finished-at="2019-10-26T10:36:32Z">
          <params>
            <param index="0">
              <value>
                <![CDATA[[TestResult name=selectMaritalStatusTest status=SUCCESS method=RegistrationTests.selectMaritalStatusTest()[pri:0, instance:tests.RegistrationTests@6d4b1c02] output={null}]]]>
              </value>
            </param>
          </params>
          <reporter-output>
          </reporter-output>
        </test-method> <!-- afterMethod -->
        <test-method status="PASS" signature="selectMaritalStatusTest()[pri:0, instance:tests.RegistrationTests@6d4b1c02]" name="selectMaritalStatusTest" duration-ms="0" started-at="2019-10-26T10:36:32Z" description="This test case verifies whether the radio button single is selected." finished-at="2019-10-26T10:36:32Z">
          <reporter-output>
          </reporter-output>
        </test-method> <!-- selectMaritalStatusTest -->
        <test-method status="PASS" signature="beforeMethod(java.lang.reflect.Method)[pri:0, instance:tests.RegistrationTests@6d4b1c02]" name="beforeMethod" is-config="true" duration-ms="0" started-at="2019-10-26T10:36:32Z" finished-at="2019-10-26T10:36:32Z">
          <params>
            <param index="0">
              <value>
                <![CDATA[public void tests.RegistrationTests.selectMaritalStatusTest()]]>
              </value>
            </param>
          </params>
          <reporter-output>
          </reporter-output>
        </test-method> <!-- beforeMethod -->
        <test-method status="PASS" signature="afterMethod(org.testng.ITestResult)[pri:0, instance:tests.RegistrationTests@6d4b1c02]" name="afterMethod" is-config="true" duration-ms="0" started-at="2019-10-26T10:36:32Z" finished-at="2019-10-26T10:36:32Z">
          <params>
            <param index="0">
              <value>
                <![CDATA[[TestResult name=enterFirstNameAndLastNameTest status=SUCCESS method=RegistrationTests.enterFirstNameAndLastNameTest()[pri:0, instance:tests.RegistrationTests@6d4b1c02] output={null}]]]>
              </value>
            </param>
          </params>
          <reporter-output>
          </reporter-output>
        </test-method> <!-- afterMethod -->
        <test-method status="PASS" signature="beforeMethod(java.lang.reflect.Method)[pri:0, instance:tests.RegistrationTests@6d4b1c02]" name="beforeMethod" is-config="true" duration-ms="0" started-at="2019-10-26T10:36:32Z" finished-at="2019-10-26T10:36:32Z">
          <params>
            <param index="0">
              <value>
                <![CDATA[public void tests.RegistrationTests.selectAHobbyTest()]]>
              </value>
            </param>
          </params>
          <reporter-output>
          </reporter-output>
        </test-method> <!-- beforeMethod -->
        <test-method status="PASS" signature="selectAHobbyTest()[pri:0, instance:tests.RegistrationTests@6d4b1c02]" name="selectAHobbyTest" duration-ms="0" started-at="2019-10-26T10:36:32Z" description="This test case verifies whether the reading check box is selected." finished-at="2019-10-26T10:36:32Z">
          <reporter-output>
          </reporter-output>
        </test-method> <!-- selectAHobbyTest -->
        <test-method status="PASS" signature="beforeMethod(java.lang.reflect.Method)[pri:0, instance:tests.RegistrationTests@6d4b1c02]" name="beforeMethod" is-config="true" duration-ms="15" started-at="2019-10-26T10:36:32Z" finished-at="2019-10-26T10:36:32Z">
          <params>
            <param index="0">
              <value>
                <![CDATA[public void tests.RegistrationTests.selectCountryTest()]]>
              </value>
            </param>
          </params>
          <reporter-output>
          </reporter-output>
        </test-method> <!-- beforeMethod -->
        <test-method status="PASS" signature="afterMethod(org.testng.ITestResult)[pri:0, instance:tests.RegistrationTests@6d4b1c02]" name="afterMethod" is-config="true" duration-ms="0" started-at="2019-10-26T10:36:32Z" finished-at="2019-10-26T10:36:32Z">
          <params>
            <param index="0">
              <value>
                <![CDATA[[TestResult name=selectAHobbyTest status=SUCCESS method=RegistrationTests.selectAHobbyTest()[pri:0, instance:tests.RegistrationTests@6d4b1c02] output={null}]]]>
              </value>
            </param>
          </params>
          <reporter-output>
          </reporter-output>
        </test-method> <!-- afterMethod -->
        <test-method status="PASS" signature="selectCountryTest()[pri:0, instance:tests.RegistrationTests@6d4b1c02]" name="selectCountryTest" duration-ms="0" started-at="2019-10-26T10:36:32Z" description="This test case verifies whether the country is selected." finished-at="2019-10-26T10:36:32Z">
          <reporter-output>
          </reporter-output>
        </test-method> <!-- selectCountryTest -->
        <test-method status="PASS" signature="afterMethod(org.testng.ITestResult)[pri:0, instance:tests.RegistrationTests@6d4b1c02]" name="afterMethod" is-config="true" duration-ms="0" started-at="2019-10-26T10:36:32Z" finished-at="2019-10-26T10:36:32Z">
          <params>
            <param index="0">
              <value>
                <![CDATA[[TestResult name=selectCountryTest status=SUCCESS method=RegistrationTests.selectCountryTest()[pri:0, instance:tests.RegistrationTests@6d4b1c02] output={null}]]]>
              </value>
            </param>
          </params>
          <reporter-output>
          </reporter-output>
        </test-method> <!-- afterMethod -->
      </class> <!-- tests.RegistrationTests -->
    </test> <!-- RegistrationPageRegressionTests2 -->
    <test name="RegistrationPageRegressionTests3" duration-ms="185" started-at="2019-10-26T10:36:32Z" finished-at="2019-10-26T10:36:32Z">
      <class name="tests.RegistrationTests">
        <test-method status="PASS" signature="beforeTest(org.testng.xml.XmlTest)[pri:0, instance:tests.RegistrationTests@42e26948]" name="beforeTest" is-config="true" duration-ms="15" started-at="2019-10-26T10:36:32Z" finished-at="2019-10-26T10:36:32Z">
          <params>
            <param index="0">
              <value>
                <![CDATA[org.testng.xml.XmlTest@b95717d2]]>
              </value>
            </param>
          </params>
          <reporter-output>
          </reporter-output>
        </test-method> <!-- beforeTest -->
        <test-method status="PASS" signature="enterFirstNameAndLastNameTest()[pri:0, instance:tests.RegistrationTests@42e26948]" name="enterFirstNameAndLastNameTest" duration-ms="62" started-at="2019-10-26T10:36:32Z" description="This test case is to verify that the firstname and lastname is entered." finished-at="2019-10-26T10:36:32Z">
          <reporter-output>
          </reporter-output>
        </test-method> <!-- enterFirstNameAndLastNameTest -->
        <test-method status="PASS" signature="beforeMethod(java.lang.reflect.Method)[pri:0, instance:tests.RegistrationTests@42e26948]" name="beforeMethod" is-config="true" duration-ms="0" started-at="2019-10-26T10:36:32Z" finished-at="2019-10-26T10:36:32Z">
          <params>
            <param index="0">
              <value>
                <![CDATA[public void tests.RegistrationTests.enterFirstNameAndLastNameTest()]]>
              </value>
            </param>
          </params>
          <reporter-output>
          </reporter-output>
        </test-method> <!-- beforeMethod -->
        <test-method status="PASS" signature="selectMaritalStatusTest()[pri:0, instance:tests.RegistrationTests@42e26948]" name="selectMaritalStatusTest" duration-ms="0" started-at="2019-10-26T10:36:32Z" description="This test case verifies whether the radio button single is selected." finished-at="2019-10-26T10:36:32Z">
          <reporter-output>
          </reporter-output>
        </test-method> <!-- selectMaritalStatusTest -->
        <test-method status="PASS" signature="beforeMethod(java.lang.reflect.Method)[pri:0, instance:tests.RegistrationTests@42e26948]" name="beforeMethod" is-config="true" duration-ms="0" started-at="2019-10-26T10:36:32Z" finished-at="2019-10-26T10:36:32Z">
          <params>
            <param index="0">
              <value>
                <![CDATA[public void tests.RegistrationTests.selectMaritalStatusTest()]]>
              </value>
            </param>
          </params>
          <reporter-output>
          </reporter-output>
        </test-method> <!-- beforeMethod -->
        <test-method status="PASS" signature="afterMethod(org.testng.ITestResult)[pri:0, instance:tests.RegistrationTests@42e26948]" name="afterMethod" is-config="true" duration-ms="16" started-at="2019-10-26T10:36:32Z" finished-at="2019-10-26T10:36:32Z">
          <params>
            <param index="0">
              <value>
                <![CDATA[[TestResult name=selectMaritalStatusTest status=SUCCESS method=RegistrationTests.selectMaritalStatusTest()[pri:0, instance:tests.RegistrationTests@42e26948] output={null}]]]>
              </value>
            </param>
          </params>
          <reporter-output>
          </reporter-output>
        </test-method> <!-- afterMethod -->
        <test-method status="PASS" signature="afterMethod(org.testng.ITestResult)[pri:0, instance:tests.RegistrationTests@42e26948]" name="afterMethod" is-config="true" duration-ms="0" started-at="2019-10-26T10:36:32Z" finished-at="2019-10-26T10:36:32Z">
          <params>
            <param index="0">
              <value>
                <![CDATA[[TestResult name=enterFirstNameAndLastNameTest status=SUCCESS method=RegistrationTests.enterFirstNameAndLastNameTest()[pri:0, instance:tests.RegistrationTests@42e26948] output={null}]]]>
              </value>
            </param>
          </params>
          <reporter-output>
          </reporter-output>
        </test-method> <!-- afterMethod -->
        <test-method status="PASS" signature="selectAHobbyTest()[pri:0, instance:tests.RegistrationTests@42e26948]" name="selectAHobbyTest" duration-ms="0" started-at="2019-10-26T10:36:32Z" description="This test case verifies whether the reading check box is selected." finished-at="2019-10-26T10:36:32Z">
          <reporter-output>
          </reporter-output>
        </test-method> <!-- selectAHobbyTest -->
        <test-method status="PASS" signature="beforeMethod(java.lang.reflect.Method)[pri:0, instance:tests.RegistrationTests@42e26948]" name="beforeMethod" is-config="true" duration-ms="0" started-at="2019-10-26T10:36:32Z" finished-at="2019-10-26T10:36:32Z">
          <params>
            <param index="0">
              <value>
                <![CDATA[public void tests.RegistrationTests.selectAHobbyTest()]]>
              </value>
            </param>
          </params>
          <reporter-output>
          </reporter-output>
        </test-method> <!-- beforeMethod -->
        <test-method status="PASS" signature="selectCountryTest()[pri:0, instance:tests.RegistrationTests@42e26948]" name="selectCountryTest" duration-ms="7" started-at="2019-10-26T10:36:32Z" description="This test case verifies whether the country is selected." finished-at="2019-10-26T10:36:32Z">
          <reporter-output>
          </reporter-output>
        </test-method> <!-- selectCountryTest -->
        <test-method status="PASS" signature="beforeMethod(java.lang.reflect.Method)[pri:0, instance:tests.RegistrationTests@42e26948]" name="beforeMethod" is-config="true" duration-ms="0" started-at="2019-10-26T10:36:32Z" finished-at="2019-10-26T10:36:32Z">
          <params>
            <param index="0">
              <value>
                <![CDATA[public void tests.RegistrationTests.selectCountryTest()]]>
              </value>
            </param>
          </params>
          <reporter-output>
          </reporter-output>
        </test-method> <!-- beforeMethod -->
        <test-method status="PASS" signature="afterMethod(org.testng.ITestResult)[pri:0, instance:tests.RegistrationTests@42e26948]" name="afterMethod" is-config="true" duration-ms="0" started-at="2019-10-26T10:36:32Z" finished-at="2019-10-26T10:36:32Z">
          <params>
            <param index="0">
              <value>
                <![CDATA[[TestResult name=selectAHobbyTest status=SUCCESS method=RegistrationTests.selectAHobbyTest()[pri:0, instance:tests.RegistrationTests@42e26948] output={null}]]]>
              </value>
            </param>
          </params>
          <reporter-output>
          </reporter-output>
        </test-method> <!-- afterMethod -->
        <test-method status="PASS" signature="afterMethod(org.testng.ITestResult)[pri:0, instance:tests.RegistrationTests@42e26948]" name="afterMethod" is-config="true" duration-ms="0" started-at="2019-10-26T10:36:32Z" finished-at="2019-10-26T10:36:32Z">
          <params>
            <param index="0">
              <value>
                <![CDATA[[TestResult name=selectCountryTest status=SUCCESS method=RegistrationTests.selectCountryTest()[pri:0, instance:tests.RegistrationTests@42e26948] output={null}]]]>
              </value>
            </param>
          </params>
          <reporter-output>
          </reporter-output>
        </test-method> <!-- afterMethod -->
      </class> <!-- tests.RegistrationTests -->
    </test> <!-- RegistrationPageRegressionTests3 -->
  </suite> <!-- RegressionSuite -->
</testng-results>
